<?xml version="1.0" encoding="UTF-8"?>
<!-- Generated by org.testng.reporters.JUnitReportReporter -->
<testsuite hostname="DESKTOP-3LKDKLS" failures="0" tests="1" name="pkg_iro.GET_Request" time="1.711" errors="0" timestamp="2023-06-07T19:22:54 CEST" skipped="0">
  <testcase classname="pkg_iro.GET_Request" name="getUserDetails" time="1.711"/>
  <system-out/>
</testsuite> <!-- pkg_iro.GET_Request -->
