<?xml version="1.0" encoding="UTF-8"?>
<!-- Generated by org.testng.reporters.JUnitReportReporter -->
<testsuite hostname="DESKTOP-3LKDKLS" failures="0" tests="1" name="pkg_iro.POST_Request" time="2.336" errors="0" timestamp="2023-06-07T19:23:06 CEST" skipped="0">
  <testcase classname="pkg_iro.POST_Request" name="getUserDetails" time="2.336"/>
  <system-out/>
</testsuite> <!-- pkg_iro.POST_Request -->
